<?xml version="1.0" encoding="UTF-8"?>
<!-- Generated by org.testng.reporters.JUnitXMLReporter -->
<testsuite ignored="6" hostname="MacBook-Air-Admine.local" failures="0" tests="4" name="Test" time="60.502" errors="0" timestamp="2025-10-22T04:55:17 IST">
  <testcase classname="testcases.Amazonlaunching" name="test" time="0.922"/>
  <testcase classname="testcases.Login_TestCase" name="loginpagetest" time="9.966"/>
  <testcase classname="testcases.ProductSearch_Testcase" name="productsearch" time="4.324"/>
  <testcase classname="testcases.Addingitem_toCart" name="addingtocart" time="36.377"/>
  <testcase classname="testBase.BaseClass" name="@BeforeSuite setup" time="0.0">
    <ignored/>
  </testcase> <!-- @BeforeSuite setup -->
  <testcase classname="testBase.BaseClass" name="@AfterSuite close" time="0.0">
    <ignored/>
  </testcase> <!-- @AfterSuite close -->
  <testcase classname="testBase.BaseClass" name="@BeforeSuite setup" time="0.0">
    <ignored/>
  </testcase> <!-- @BeforeSuite setup -->
  <testcase classname="testBase.BaseClass" name="@AfterSuite close" time="0.0">
    <ignored/>
  </testcase> <!-- @AfterSuite close -->
  <testcase classname="testBase.BaseClass" name="@AfterSuite close" time="0.0">
    <ignored/>
  </testcase> <!-- @AfterSuite close -->
  <testcase classname="testBase.BaseClass" name="@BeforeSuite setup" time="0.0">
    <ignored/>
  </testcase> <!-- @BeforeSuite setup -->
</testsuite> <!-- Test -->
