<?xml version="1.0" encoding="UTF-8"?>
<testng-results ignored="0" total="4" passed="4" failed="0" skipped="0">
  <reporter-output>
  </reporter-output>
  <suite started-at="2025-10-24T03:29:00 IST" name="Suite" finished-at="2025-10-24T03:29:51 IST" duration-ms="51330">
    <groups>
    </groups>
    <test started-at="2025-10-24T03:29:00 IST" name="Test" finished-at="2025-10-24T03:29:51 IST" duration-ms="51330">
      <class name="testcases.Addingitem_toCart">
        <test-method signature="addingtocart(java.lang.String)[pri:4, instance:testcases.Addingitem_toCart@72d1ad2e]" started-at="2025-10-24T03:29:20 IST" name="addingtocart" data-provider="SearchData" finished-at="2025-10-24T03:29:51 IST" duration-ms="31001" status="PASS">
          <params>
            <param index="0">
              <value>
                <![CDATA[iPhone 17 Pro 256]]>
              </value>
            </param>
          </params>
          <reporter-output>
          </reporter-output>
        </test-method> <!-- addingtocart -->
      </class> <!-- testcases.Addingitem_toCart -->
      <class name="testcases.ProductSearch_Testcase">
        <test-method signature="productsearch(java.lang.String)[pri:3, instance:testcases.ProductSearch_Testcase@595b007d]" started-at="2025-10-24T03:29:17 IST" name="productsearch" data-provider="SearchData" finished-at="2025-10-24T03:29:20 IST" duration-ms="3607" status="PASS">
          <params>
            <param index="0">
              <value>
                <![CDATA[iPhone 17 Pro 256]]>
              </value>
            </param>
          </params>
          <reporter-output>
          </reporter-output>
        </test-method> <!-- productsearch -->
      </class> <!-- testcases.ProductSearch_Testcase -->
      <class name="testcases.Amazonlaunching">
        <test-method is-config="true" signature="setup()[pri:0, instance:testcases.Amazonlaunching@6356695f]" started-at="2025-10-24T03:28:38 IST" name="setup" finished-at="2025-10-24T03:29:00 IST" duration-ms="22581" status="PASS">
          <reporter-output>
          </reporter-output>
        </test-method> <!-- setup -->
        <test-method signature="test()[pri:1, instance:testcases.Amazonlaunching@6356695f]" started-at="2025-10-24T03:29:00 IST" name="test" finished-at="2025-10-24T03:29:01 IST" duration-ms="435" status="PASS">
          <reporter-output>
          </reporter-output>
        </test-method> <!-- test -->
        <test-method is-config="true" signature="close()[pri:0, instance:testcases.Amazonlaunching@6356695f]" started-at="2025-10-24T03:29:59 IST" name="close" finished-at="2025-10-24T03:30:00 IST" depends-on-methods="testcases.Login_TestCase.signoutapplication" duration-ms="425" status="PASS">
          <reporter-output>
          </reporter-output>
        </test-method> <!-- close -->
      </class> <!-- testcases.Amazonlaunching -->
      <class name="testcases.Login_TestCase">
        <test-method signature="loginpagetest(java.lang.String,java.lang.String)[pri:2, instance:testcases.Login_TestCase@5158b42f]" started-at="2025-10-24T03:29:08 IST" name="loginpagetest" data-provider="LoginData" finished-at="2025-10-24T03:29:16 IST" duration-ms="8317" status="PASS">
          <params>
            <param index="0">
              <value>
                <![CDATA[9872633316]]>
              </value>
            </param>
            <param index="1">
              <value>
                <![CDATA[Test@123]]>
              </value>
            </param>
          </params>
          <reporter-output>
          </reporter-output>
        </test-method> <!-- loginpagetest -->
        <test-method is-config="true" signature="signoutapplication()[pri:0, instance:testcases.Login_TestCase@5158b42f]" started-at="2025-10-24T03:29:56 IST" name="signoutapplication" finished-at="2025-10-24T03:29:59 IST" duration-ms="2708" status="PASS">
          <reporter-output>
          </reporter-output>
        </test-method> <!-- signoutapplication -->
      </class> <!-- testcases.Login_TestCase -->
    </test> <!-- Test -->
  </suite> <!-- Suite -->
</testng-results>
